2025-05-24 11:05:14 INFO  EmployessRestApi:15 - *****Stated TC001****
2025-05-24 11:05:20 INFO  EmployessRestApi:42 - *******Checking Status Code******
2025-05-24 11:05:20 INFO  EmployessRestApi:44 - Status code200
2025-05-24 11:05:20 INFO  EmployessRestApi:25 - *****Checking Response Body*****
2025-05-24 11:05:20 INFO  EmployessRestApi:27 - Resposnse Body{"status":"success","data":[{"id":1,"employee_name":"Tiger Nixon","employee_salary":320800,"employee_age":61,"profile_image":""},{"id":2,"employee_name":"Garrett Winters","employee_salary":170750,"employee_age":63,"profile_image":""},{"id":3,"employee_name":"Ashton Cox","employee_salary":86000,"employee_age":66,"profile_image":""},{"id":4,"employee_name":"Cedric Kelly","employee_salary":433060,"employee_age":22,"profile_image":""},{"id":5,"employee_name":"Airi Satou","employee_salary":162700,"employee_age":33,"profile_image":""},{"id":6,"employee_name":"Brielle Williamson","employee_salary":372000,"employee_age":61,"profile_image":""},{"id":7,"employee_name":"Herrod Chandler","employee_salary":137500,"employee_age":59,"profile_image":""},{"id":8,"employee_name":"Rhona Davidson","employee_salary":327900,"employee_age":55,"profile_image":""},{"id":9,"employee_name":"Colleen Hurst","employee_salary":205500,"employee_age":39,"profile_image":""},{"id":10,"employee_name":"Sonya Frost","employee_salary":103600,"employee_age":23,"profile_image":""},{"id":11,"employee_name":"Jena Gaines","employee_salary":90560,"employee_age":30,"profile_image":""},{"id":12,"employee_name":"Quinn Flynn","employee_salary":342000,"employee_age":22,"profile_image":""},{"id":13,"employee_name":"Charde Marshall","employee_salary":470600,"employee_age":36,"profile_image":""},{"id":14,"employee_name":"Haley Kennedy","employee_salary":313500,"employee_age":43,"profile_image":""},{"id":15,"employee_name":"Tatyana Fitzpatrick","employee_salary":385750,"employee_age":19,"profile_image":""},{"id":16,"employee_name":"Michael Silva","employee_salary":198500,"employee_age":66,"profile_image":""},{"id":17,"employee_name":"Paul Byrd","employee_salary":725000,"employee_age":64,"profile_image":""},{"id":18,"employee_name":"Gloria Little","employee_salary":237500,"employee_age":59,"profile_image":""},{"id":19,"employee_name":"Bradley Greer","employee_salary":132000,"employee_age":41,"profile_image":""},{"id":20,"employee_name":"Dai Rios","employee_salary":217500,"employee_age":35,"profile_image":""},{"id":21,"employee_name":"Jenette Caldwell","employee_salary":345000,"employee_age":30,"profile_image":""},{"id":22,"employee_name":"Yuri Berry","employee_salary":675000,"employee_age":40,"profile_image":""},{"id":23,"employee_name":"Caesar Vance","employee_salary":106450,"employee_age":21,"profile_image":""},{"id":24,"employee_name":"Doris Wilder","employee_salary":85600,"employee_age":23,"profile_image":""}],"message":"Successfully! All records has been fetched."}
2025-05-24 11:05:20 INFO  EmployessRestApi:33 - *****Checking Response Time*****
2025-05-24 11:05:20 INFO  EmployessRestApi:35 - Response Time1865
2025-05-24 11:05:20 INFO  EmployessRestApi:51 - *****Finished****
2025-05-26 11:27:16 INFO  EmployessRestApi:29 - ******Checking status code*****
2025-05-26 11:29:53 INFO  EmployessRestApi:14 - ********statred test case 2********
2025-05-26 11:30:00 INFO  EmployessRestApi:23 - ******Checking response body*****
2025-05-26 11:30:00 INFO  EmployessRestApi:40 - ******Checking headers *****
2025-05-26 11:30:00 INFO  EmployessRestApi:32 - ******Checking status code*****
2025-05-26 11:30:00 INFO  EmployessRestApi:51 - *******successfully testd the TC002********
2025-05-26 11:31:08 INFO  EmployessRestApi:14 - ********statred test case 2********
2025-05-26 11:31:14 INFO  EmployessRestApi:23 - ******Checking response body*****
2025-05-26 11:31:14 INFO  EmployessRestApi:40 - ******Checking headers *****
2025-05-26 11:31:14 INFO  EmployessRestApi:32 - ******Checking status code*****
2025-05-26 11:31:14 INFO  EmployessRestApi:51 - *******successfully testd the TC002********
2025-05-26 11:32:06 INFO  EmployessRestApi:14 - ********statred test case 2********
2025-05-26 11:32:13 INFO  EmployessRestApi:23 - ******Checking response body*****
2025-05-26 11:32:13 INFO  EmployessRestApi:40 - ******Checking headers *****
2025-05-26 11:32:13 INFO  EmployessRestApi:32 - ******Checking status code*****
2025-05-26 11:32:13 INFO  EmployessRestApi:51 - *******successfully testd the TC002********
2025-05-26 11:33:20 INFO  EmployessRestApi:14 - ********statred test case 2********
2025-05-26 11:33:26 INFO  EmployessRestApi:23 - ******Checking response body*****
2025-05-26 11:33:26 INFO  EmployessRestApi:40 - ******Checking headers *****
2025-05-26 11:33:26 INFO  EmployessRestApi:32 - ******Checking status code*****
2025-05-26 11:33:26 INFO  EmployessRestApi:51 - *******successfully testd the TC002********
2025-05-29 10:57:10 INFO  EmployessRestApi:15 - *****Stated TC001****
2025-05-29 10:57:17 INFO  EmployessRestApi:42 - *******Checking Status Code******
2025-05-29 10:57:17 INFO  EmployessRestApi:44 - Status code200
2025-05-29 10:57:17 INFO  EmployessRestApi:25 - *****Checking Response Body*****
2025-05-29 10:57:17 INFO  EmployessRestApi:27 - Resposnse Body{"status":"success","data":[{"id":1,"employee_name":"Tiger Nixon","employee_salary":320800,"employee_age":61,"profile_image":""},{"id":2,"employee_name":"Garrett Winters","employee_salary":170750,"employee_age":63,"profile_image":""},{"id":3,"employee_name":"Ashton Cox","employee_salary":86000,"employee_age":66,"profile_image":""},{"id":4,"employee_name":"Cedric Kelly","employee_salary":433060,"employee_age":22,"profile_image":""},{"id":5,"employee_name":"Airi Satou","employee_salary":162700,"employee_age":33,"profile_image":""},{"id":6,"employee_name":"Brielle Williamson","employee_salary":372000,"employee_age":61,"profile_image":""},{"id":7,"employee_name":"Herrod Chandler","employee_salary":137500,"employee_age":59,"profile_image":""},{"id":8,"employee_name":"Rhona Davidson","employee_salary":327900,"employee_age":55,"profile_image":""},{"id":9,"employee_name":"Colleen Hurst","employee_salary":205500,"employee_age":39,"profile_image":""},{"id":10,"employee_name":"Sonya Frost","employee_salary":103600,"employee_age":23,"profile_image":""},{"id":11,"employee_name":"Jena Gaines","employee_salary":90560,"employee_age":30,"profile_image":""},{"id":12,"employee_name":"Quinn Flynn","employee_salary":342000,"employee_age":22,"profile_image":""},{"id":13,"employee_name":"Charde Marshall","employee_salary":470600,"employee_age":36,"profile_image":""},{"id":14,"employee_name":"Haley Kennedy","employee_salary":313500,"employee_age":43,"profile_image":""},{"id":15,"employee_name":"Tatyana Fitzpatrick","employee_salary":385750,"employee_age":19,"profile_image":""},{"id":16,"employee_name":"Michael Silva","employee_salary":198500,"employee_age":66,"profile_image":""},{"id":17,"employee_name":"Paul Byrd","employee_salary":725000,"employee_age":64,"profile_image":""},{"id":18,"employee_name":"Gloria Little","employee_salary":237500,"employee_age":59,"profile_image":""},{"id":19,"employee_name":"Bradley Greer","employee_salary":132000,"employee_age":41,"profile_image":""},{"id":20,"employee_name":"Dai Rios","employee_salary":217500,"employee_age":35,"profile_image":""},{"id":21,"employee_name":"Jenette Caldwell","employee_salary":345000,"employee_age":30,"profile_image":""},{"id":22,"employee_name":"Yuri Berry","employee_salary":675000,"employee_age":40,"profile_image":""},{"id":23,"employee_name":"Caesar Vance","employee_salary":106450,"employee_age":21,"profile_image":""},{"id":24,"employee_name":"Doris Wilder","employee_salary":85600,"employee_age":23,"profile_image":""}],"message":"Successfully! All records has been fetched."}
2025-05-29 10:57:17 INFO  EmployessRestApi:33 - *****Checking Response Time*****
2025-05-29 10:57:17 INFO  EmployessRestApi:35 - Response Time2651
2025-05-29 10:57:17 INFO  EmployessRestApi:51 - *****Finished****
2025-06-30 10:47:19 INFO  EmployessRestApi:15 - *****Stated TC001****
2025-06-30 10:47:25 INFO  EmployessRestApi:43 - *******Checking Status Code******
2025-06-30 10:47:25 INFO  EmployessRestApi:45 - Status code200
2025-06-30 10:47:25 INFO  EmployessRestApi:26 - *****Checking Response Body*****
2025-06-30 10:47:25 INFO  EmployessRestApi:28 - Resposnse Body{"responseCode": 200, "products": [{"id": 1, "name": "Blue Top", "price": "Rs. 500", "brand": "Polo", "category": {"usertype": {"usertype": "Women"}, "category": "Tops"}}, {"id": 2, "name": "Men Tshirt", "price": "Rs. 400", "brand": "H&M", "category": {"usertype": {"usertype": "Men"}, "category": "Tshirts"}}, {"id": 3, "name": "Sleeveless Dress", "price": "Rs. 1000", "brand": "Madame", "category": {"usertype": {"usertype": "Women"}, "category": "Dress"}}, {"id": 4, "name": "Stylish Dress", "price": "Rs. 1500", "brand": "Madame", "category": {"usertype": {"usertype": "Women"}, "category": "Dress"}}, {"id": 5, "name": "Winter Top", "price": "Rs. 600", "brand": "Mast & Harbour", "category": {"usertype": {"usertype": "Women"}, "category": "Tops"}}, {"id": 6, "name": "Summer White Top", "price": "Rs. 400", "brand": "H&M", "category": {"usertype": {"usertype": "Women"}, "category": "Tops"}}, {"id": 7, "name": "Madame Top For Women", "price": "Rs. 1000", "brand": "Madame", "category": {"usertype": {"usertype": "Women"}, "category": "Tops"}}, {"id": 8, "name": "Fancy Green Top", "price": "Rs. 700", "brand": "Polo", "category": {"usertype": {"usertype": "Women"}, "category": "Tops"}}, {"id": 11, "name": "Sleeves Printed Top - White", "price": "Rs. 499", "brand": "Babyhug", "category": {"usertype": {"usertype": "Kids"}, "category": "Tops & Shirts"}}, {"id": 12, "name": "Half Sleeves Top Schiffli Detailing - Pink", "price": "Rs. 359", "brand": "Babyhug", "category": {"usertype": {"usertype": "Kids"}, "category": "Tops & Shirts"}}, {"id": 13, "name": "Frozen Tops For Kids", "price": "Rs. 278", "brand": "Allen Solly Junior", "category": {"usertype": {"usertype": "Kids"}, "category": "Tops & Shirts"}}, {"id": 14, "name": "Full Sleeves Top Cherry - Pink", "price": "Rs. 679", "brand": "Kookie Kids", "category": {"usertype": {"usertype": "Kids"}, "category": "Tops & Shirts"}}, {"id": 15, "name": "Printed Off Shoulder Top - White", "price": "Rs. 315", "brand": "Babyhug", "category": {"usertype": {"usertype": "Kids"}, "category": "Tops & Shirts"}}, {"id": 16, "name": "Sleeves Top and Short - Blue & Pink", "price": "Rs. 478", "brand": "Babyhug", "category": {"usertype": {"usertype": "Kids"}, "category": "Dress"}}, {"id": 18, "name": "Little Girls Mr. Panda Shirt", "price": "Rs. 1200", "brand": "Kookie Kids", "category": {"usertype": {"usertype": "Kids"}, "category": "Tops & Shirts"}}, {"id": 19, "name": "Sleeveless Unicorn Patch Gown - Pink", "price": "Rs. 1050", "brand": "Allen Solly Junior", "category": {"usertype": {"usertype": "Kids"}, "category": "Dress"}}, {"id": 20, "name": "Cotton Mull Embroidered Dress", "price": "Rs. 1190", "brand": "Kookie Kids", "category": {"usertype": {"usertype": "Kids"}, "category": "Dress"}}, {"id": 21, "name": "Blue Cotton Indie Mickey Dress", "price": "Rs. 1530", "brand": "Biba", "category": {"usertype": {"usertype": "Kids"}, "category": "Dress"}}, {"id": 22, "name": "Long Maxi Tulle Fancy Dress Up Outfits -Pink", "price": "Rs. 1600", "brand": "Biba", "category": {"usertype": {"usertype": "Kids"}, "category": "Dress"}}, {"id": 23, "name": "Sleeveless Unicorn Print Fit & Flare Net Dress - Multi", "price": "Rs. 1100", "brand": "Biba", "category": {"usertype": {"usertype": "Kids"}, "category": "Dress"}}, {"id": 24, "name": "Colour Blocked Shirt \u2013 Sky Blue", "price": "Rs. 849", "brand": "Allen Solly Junior", "category": {"usertype": {"usertype": "Kids"}, "category": "Tops & Shirts"}}, {"id": 28, "name": "Pure Cotton V-Neck T-Shirt", "price": "Rs. 1299", "brand": "H&M", "category": {"usertype": {"usertype": "Men"}, "category": "Tshirts"}}, {"id": 29, "name": "Green Side Placket Detail T-Shirt", "price": "Rs. 1000", "brand": "Polo", "category": {"usertype": {"usertype": "Men"}, "category": "Tshirts"}}, {"id": 30, "name": "Premium Polo T-Shirts", "price": "Rs. 1500", "brand": "Polo", "category": {"usertype": {"usertype": "Men"}, "category": "Tshirts"}}, {"id": 31, "name": "Pure Cotton Neon Green Tshirt", "price": "Rs. 850", "brand": "H&M", "category": {"usertype": {"usertype": "Men"}, "category": "Tshirts"}}, {"id": 33, "name": "Soft Stretch Jeans", "price": "Rs. 799", "brand": "Polo", "category": {"usertype": {"usertype": "Men"}, "category": "Jeans"}}, {"id": 35, "name": "Regular Fit Straight Jeans", "price": "Rs. 1200", "brand": "H&M", "category": {"usertype": {"usertype": "Men"}, "category": "Jeans"}}, {"id": 37, "name": "Grunt Blue Slim Fit Jeans", "price": "Rs. 1400", "brand": "Polo", "category": {"usertype": {"usertype": "Men"}, "category": "Jeans"}}, {"id": 38, "name": "Rose Pink Embroidered Maxi Dress", "price": "Rs. 2300", "brand": "Madame", "category": {"usertype": {"usertype": "Women"}, "category": "Dress"}}, {"id": 39, "name": "Cotton Silk Hand Block Print Saree", "price": "Rs. 3000", "brand": "Biba", "category": {"usertype": {"usertype": "Women"}, "category": "Saree"}}, {"id": 40, "name": "Rust Red Linen Saree", "price": "Rs. 3500", "brand": "Biba", "category": {"usertype": {"usertype": "Women"}, "category": "Saree"}}, {"id": 41, "name": "Beautiful Peacock Blue Cotton Linen Saree", "price": "Rs. 5000", "brand": "Madame", "category": {"usertype": {"usertype": "Women"}, "category": "Saree"}}, {"id": 42, "name": "Lace Top For Women", "price": "Rs. 1400", "brand": "Mast & Harbour", "category": {"usertype": {"usertype": "Women"}, "category": "Tops"}}, {"id": 43, "name": "GRAPHIC DESIGN MEN T SHIRT - BLUE", "price": "Rs. 1389", "brand": "Mast & Harbour", "category": {"usertype": {"usertype": "Men"}, "category": "Tshirts"}}]}
2025-06-30 10:47:25 INFO  EmployessRestApi:34 - *****Checking Response Time*****
2025-06-30 10:47:25 INFO  EmployessRestApi:36 - Response Time1597
2025-06-30 10:47:25 INFO  EmployessRestApi:52 - *****Finished****
2025-07-02 10:37:14 INFO  EmployessRestApi:15 - *****Stated TC001****
2025-07-02 10:37:20 INFO  EmployessRestApi:44 - *******Checking Status Code******
2025-07-02 10:37:20 INFO  EmployessRestApi:46 - Status code404
2025-07-02 10:37:20 INFO  EmployessRestApi:27 - *****Checking Response Body*****
2025-07-02 10:37:20 INFO  EmployessRestApi:29 - Resposnse Body<!DOCTYPE html>
<html lang="en">
<head>
  <meta http-equiv="content-type" content="text/html; charset=utf-8">
  <title>Page not found at /api/employee</title>
  <meta name="robots" content="NONE,NOARCHIVE">
  <style type="text/css">
    html * { padding:0; margin:0; }
    body * { padding:10px 20px; }
    body * * { padding:0; }
    body { font:small sans-serif; background:#eee; color:#000; }
    body>div { border-bottom:1px solid #ddd; }
    h1 { font-weight:normal; margin-bottom:.4em; }
    h1 span { font-size:60%; color:#666; font-weight:normal; }
    table { border:none; border-collapse: collapse; width:100%; }
    td, th { vertical-align:top; padding:2px 3px; }
    th { width:12em; text-align:right; color:#666; padding-right:.5em; }
    #info { background:#f6f6f6; }
    #info ol { margin: 0.5em 4em; }
    #info ol li { font-family: monospace; }
    #summary { background: #ffc; }
    #explanation { background:#eee; border-bottom: 0px none; }
    pre.exception_value { font-family: sans-serif; color: #575757; font-size: 1.5em; margin: 10px 0 10px 0; }
  </style>
</head>
<body>
  <div id="summary">
    <h1>Page not found <span>(404)</span></h1>
    
    <table class="meta">
      <tr>
        <th>Request Method:</th>
        <td>GET</td>
      </tr>
      <tr>
        <th>Request URL:</th>
        <td>https://automationexercise.com/api/employee</td>
      </tr>
      
    </table>
  </div>
  <div id="info">
    
      <p>
      Using the URLconf defined in <code>automation_exercise.urls</code>,
      Django tried these URL patterns, in this order:
      </p>
      <ol>
        
          <li>
            
                admin/
                
            
          </li>
        
          <li>
            
                
                
            
          </li>
        
          <li>
            
                get_product_picture/&lt;int:product_id&gt;
                
            
          </li>
        
          <li>
            
                product_details/&lt;int:product_id&gt;
                
            
          </li>
        
          <li>
            
                products
                
            
          </li>
        
          <li>
            
                contact_us
                
            
          </li>
        
          <li>
            
                add_to_cart/&lt;int:product_id&gt;
                
            
          </li>
        
          <li>
            
                view_cart
                
            
          </li>
        
          <li>
            
                delete_cart/&lt;int:product_id&gt;
                
            
          </li>
        
          <li>
            
                login
                
            
          </li>
        
          <li>
            
                signup
                
            
          </li>
        
          <li>
            
                account_created
                
            
          </li>
        
          <li>
            
                logout
                
            
          </li>
        
          <li>
            
                checkout
                
            
          </li>
        
          <li>
            
                payment
                
            
          </li>
        
          <li>
            
                delete_account
                
            
          </li>
        
          <li>
            
                brand_products/&lt;str:brand&gt;
                
            
          </li>
        
          <li>
            
                category_products/&lt;int:category_id&gt;
                
            
          </li>
        
          <li>
            
                test_cases
                
            
          </li>
        
          <li>
            
                api_list
                
            
          </li>
        
          <li>
            
                download_invoice/&lt;int:overall_amount&gt;
                
            
          </li>
        
          <li>
            
                payment_done/&lt;int:overall_amount&gt;
                
            
          </li>
        
          <li>
            
                video_tutorials
                
            
          </li>
        
          <li>
            
                api/productsList
                
            
          </li>
        
          <li>
            
                api/brandsList
                
            
          </li>
        
          <li>
            
                api/searchProduct
                
            
          </li>
        
          <li>
            
                api/verifyLogin
                
            
          </li>
        
          <li>
            
                api/createAccount
                
            
          </li>
        
          <li>
            
                api/deleteAccount
                
            
          </li>
        
          <li>
            
                api/updateAccount
                
            
          </li>
        
          <li>
            
                api/getUserDetailByEmail
                
            
          </li>
        
          <li>
            
                &lt;str:random_string&gt;
                
            
          </li>
        
          <li>
            
                ^static/(?P&lt;path&gt;.*)$
                
            
          </li>
        
      </ol>
      <p>
        
          The current path, <code>api/employee</code>,
        
        didn’t match any of these.
      </p>
    
  </div>

  <div id="explanation">
    <p>
      You’re seeing this error because you have <code>DEBUG = True</code> in
      your Django settings file. Change that to <code>False</code>, and Django
      will display a standard 404 page.
    </p>
  </div>
</body>
</html>

2025-07-02 10:37:20 INFO  EmployessRestApi:35 - *****Checking Response Time*****
2025-07-02 10:37:20 INFO  EmployessRestApi:37 - Response Time1505
2025-07-02 10:37:20 INFO  EmployessRestApi:53 - *****Finished****
2025-07-02 10:38:37 INFO  EmployessRestApi:15 - *****Stated TC001****
2025-07-02 10:38:43 INFO  EmployessRestApi:44 - *******Checking Status Code******
2025-07-02 10:38:43 INFO  EmployessRestApi:46 - Status code404
2025-07-02 10:38:43 INFO  EmployessRestApi:27 - *****Checking Response Body*****
2025-07-02 10:38:43 INFO  EmployessRestApi:29 - Resposnse Body{"message":"Error Occured! Page Not found, contact rstapi2example@gmail.com"}
2025-07-02 10:38:43 INFO  EmployessRestApi:35 - *****Checking Response Time*****
2025-07-02 10:38:43 INFO  EmployessRestApi:37 - Response Time1970
2025-07-02 10:38:43 INFO  EmployessRestApi:53 - *****Finished****
2025-07-02 10:52:22 INFO  EmployessRestApi:15 - *****Stated TC001****
2025-07-02 10:52:28 INFO  EmployessRestApi:44 - *******Checking Status Code******
2025-07-02 10:52:28 INFO  EmployessRestApi:46 - Status code200
2025-07-02 10:52:28 INFO  EmployessRestApi:27 - *****Checking Response Body*****
2025-07-02 10:52:28 INFO  EmployessRestApi:29 - Resposnse Body{"page":2,"per_page":6,"total":12,"total_pages":2,"data":[{"id":7,"email":"michael.lawson@reqres.in","first_name":"Michael","last_name":"Lawson","avatar":"https://reqres.in/img/faces/7-image.jpg"},{"id":8,"email":"lindsay.ferguson@reqres.in","first_name":"Lindsay","last_name":"Ferguson","avatar":"https://reqres.in/img/faces/8-image.jpg"},{"id":9,"email":"tobias.funke@reqres.in","first_name":"Tobias","last_name":"Funke","avatar":"https://reqres.in/img/faces/9-image.jpg"},{"id":10,"email":"byron.fields@reqres.in","first_name":"Byron","last_name":"Fields","avatar":"https://reqres.in/img/faces/10-image.jpg"},{"id":11,"email":"george.edwards@reqres.in","first_name":"George","last_name":"Edwards","avatar":"https://reqres.in/img/faces/11-image.jpg"},{"id":12,"email":"rachel.howell@reqres.in","first_name":"Rachel","last_name":"Howell","avatar":"https://reqres.in/img/faces/12-image.jpg"}],"support":{"url":"https://contentcaddy.io?utm_source=reqres&utm_medium=json&utm_campaign=referral","text":"Tired of writing endless social media content? Let Content Caddy generate it for you."}}
2025-07-02 10:52:28 INFO  EmployessRestApi:35 - *****Checking Response Time*****
2025-07-02 10:52:28 INFO  EmployessRestApi:37 - Response Time900
2025-07-02 10:52:28 INFO  EmployessRestApi:53 - *****Finished****
2025-07-02 10:53:25 INFO  EmployessRestApi:14 - ********statred test case 2********
2025-07-02 10:53:30 INFO  EmployessRestApi:23 - ******Checking response body*****
2025-07-02 10:53:30 INFO  EmployessRestApi:40 - ******Checking headers *****
2025-07-02 10:53:30 INFO  EmployessRestApi:32 - ******Checking status code*****
2025-07-02 10:53:30 INFO  EmployessRestApi:51 - *******successfully testd the TC002********
2025-07-02 10:55:19 INFO  EmployessRestApi:14 - ********statred test case 2********
2025-07-02 10:55:24 INFO  EmployessRestApi:23 - ******Checking response body*****
2025-07-02 10:55:24 INFO  EmployessRestApi:40 - ******Checking headers *****
2025-07-02 10:55:24 INFO  EmployessRestApi:32 - ******Checking status code*****
2025-07-02 10:55:24 INFO  EmployessRestApi:51 - *******successfully testd the TC002********
2025-07-02 10:56:01 INFO  EmployessRestApi:14 - ********statred test case 2********
2025-07-02 10:56:06 INFO  EmployessRestApi:23 - ******Checking response body*****
2025-07-02 10:56:06 INFO  EmployessRestApi:40 - ******Checking headers *****
2025-07-02 10:56:06 INFO  EmployessRestApi:32 - ******Checking status code*****
2025-07-02 10:56:06 INFO  EmployessRestApi:51 - *******successfully testd the TC002********
2025-07-02 10:56:47 INFO  EmployessRestApi:14 - ********statred test case 2********
2025-07-02 10:56:52 INFO  EmployessRestApi:23 - ******Checking response body*****
2025-07-02 10:56:52 INFO  EmployessRestApi:40 - ******Checking headers *****
2025-07-02 10:56:52 INFO  EmployessRestApi:32 - ******Checking status code*****
2025-07-02 10:56:52 INFO  EmployessRestApi:51 - *******successfully testd the TC002********
2025-07-02 10:57:47 INFO  EmployessRestApi:14 - ********statred test case 2********
2025-07-02 10:57:52 INFO  EmployessRestApi:23 - ******Checking response body*****
2025-07-02 10:57:52 INFO  EmployessRestApi:40 - ******Checking headers *****
2025-07-02 10:57:52 INFO  EmployessRestApi:32 - ******Checking status code*****
2025-07-02 10:57:52 INFO  EmployessRestApi:51 - *******successfully testd the TC002********
2025-07-09 11:11:06 INFO  EmployessRestApi:32 - *******successfully testd the TC004********
